{"level":"info","message":"Start listening on port 3000","timestamp":"2019-02-28T11:32:29.913Z"}
{"level":"info","message":"Start listening on port 3000","timestamp":"2019-02-28T11:33:16.718Z"}
{"level":"info","message":"Connected mongodb://localhost:27017/cinecon","timestamp":"2019-02-28T11:33:16.739Z"}
{"level":"info","message":"Start listening on port 3000","timestamp":"2019-02-28T11:34:18.043Z"}
{"level":"info","message":"Connected mongodb://localhost:27017/cinecon","timestamp":"2019-02-28T11:34:18.071Z"}
{"level":"info","message":"Start listening on port 3000","timestamp":"2019-02-28T11:34:20.536Z"}
{"level":"info","message":"Connected mongodb://localhost:27017/cinecon","timestamp":"2019-02-28T11:34:20.561Z"}
{"level":"info","message":"Start listening on port 3000","timestamp":"2019-02-28T11:34:27.176Z"}
{"level":"info","message":"Connected mongodb://localhost:27017/cinecon","timestamp":"2019-02-28T11:34:27.201Z"}
{"level":"info","message":"Start listening on port 3000","timestamp":"2019-02-28T11:34:34.703Z"}
{"level":"info","message":"Connected mongodb://localhost:27017/cinecon","timestamp":"2019-02-28T11:34:34.728Z"}
{"level":"info","message":"Start listening on port 3000","timestamp":"2019-03-01T10:57:26.566Z"}
{"level":"info","message":"Connected mongodb://localhost:27017/cinecon","timestamp":"2019-03-01T10:57:26.597Z"}
{"message":"Joi.validatet is not a function","stack":"TypeError: Joi.validatet is not a function\n    at validateUser (/Users/satoshi/Desktop/web-development/projects/cinecon/models/User.js:38:16)\n    at /Users/satoshi/Desktop/web-development/projects/cinecon/middleware/validate.js:4:27\n    at newFn (/Users/satoshi/Desktop/web-development/projects/cinecon/node_modules/express-async-errors/index.js:16:20)\n    at Layer.handle [as handle_request] (/Users/satoshi/Desktop/web-development/projects/cinecon/node_modules/express/lib/router/layer.js:95:5)\n    at next (/Users/satoshi/Desktop/web-development/projects/cinecon/node_modules/express/lib/router/route.js:137:13)\n    at Route.dispatch (/Users/satoshi/Desktop/web-development/projects/cinecon/node_modules/express/lib/router/route.js:112:3)\n    at newFn (/Users/satoshi/Desktop/web-development/projects/cinecon/node_modules/express-async-errors/index.js:16:20)\n    at Layer.handle [as handle_request] (/Users/satoshi/Desktop/web-development/projects/cinecon/node_modules/express/lib/router/layer.js:95:5)\n    at /Users/satoshi/Desktop/web-development/projects/cinecon/node_modules/express/lib/router/index.js:281:22\n    at Function.process_params (/Users/satoshi/Desktop/web-development/projects/cinecon/node_modules/express/lib/router/index.js:335:12)\n    at next (/Users/satoshi/Desktop/web-development/projects/cinecon/node_modules/express/lib/router/index.js:275:10)\n    at Function.handle (/Users/satoshi/Desktop/web-development/projects/cinecon/node_modules/express/lib/router/index.js:174:3)\n    at router (/Users/satoshi/Desktop/web-development/projects/cinecon/node_modules/express/lib/router/index.js:47:12)\n    at newFn (/Users/satoshi/Desktop/web-development/projects/cinecon/node_modules/express-async-errors/index.js:16:20)\n    at Layer.handle [as handle_request] (/Users/satoshi/Desktop/web-development/projects/cinecon/node_modules/express/lib/router/layer.js:95:5)\n    at trim_prefix (/Users/satoshi/Desktop/web-development/projects/cinecon/node_modules/express/lib/router/index.js:317:13)","level":"error","timestamp":"2019-03-01T10:58:18.163Z"}
{"level":"info","message":"Start listening on port 3000","timestamp":"2019-03-01T10:58:31.256Z"}
{"level":"info","message":"Connected mongodb://localhost:27017/cinecon","timestamp":"2019-03-01T10:58:31.294Z"}
{"level":"info","message":"Start listening on port 3000","timestamp":"2019-03-01T11:04:41.396Z"}
{"level":"info","message":"Connected mongodb://localhost:27017/cinecon","timestamp":"2019-03-01T11:04:41.431Z"}
{"message":"user.generateAuthToken is not a function","stack":"TypeError: user.generateAuthToken is not a function\n    at router.post (/Users/satoshi/Desktop/web-development/projects/cinecon/routes/users.js:19:24)\n    at process._tickCallback (internal/process/next_tick.js:68:7)","level":"error","timestamp":"2019-03-01T11:04:45.412Z"}
{"level":"info","message":"Start listening on port 3000","timestamp":"2019-03-01T11:05:19.708Z"}
{"level":"info","message":"Connected mongodb://localhost:27017/cinecon","timestamp":"2019-03-01T11:05:19.742Z"}
{"message":"user.generateAuthToken is not a function","stack":"TypeError: user.generateAuthToken is not a function\n    at router.post (/Users/satoshi/Desktop/web-development/projects/cinecon/routes/users.js:19:24)\n    at process._tickCallback (internal/process/next_tick.js:68:7)","level":"error","timestamp":"2019-03-01T11:05:33.465Z"}
{"level":"info","message":"Start listening on port 3000","timestamp":"2019-03-01T11:06:53.177Z"}
{"level":"info","message":"Connected mongodb://localhost:27017/cinecon","timestamp":"2019-03-01T11:06:53.210Z"}
{"level":"info","message":"Start listening on port 3000","timestamp":"2019-03-01T11:06:54.998Z"}
{"level":"info","message":"Connected mongodb://localhost:27017/cinecon","timestamp":"2019-03-01T11:06:55.035Z"}
{"level":"info","message":"Start listening on port 3000","timestamp":"2019-03-01T11:22:42.270Z"}
{"level":"info","message":"Connected mongodb://localhost:27017/cinecon","timestamp":"2019-03-01T11:22:42.305Z"}
{"level":"info","message":"Start listening on port 3000","timestamp":"2019-03-01T11:23:36.440Z"}
{"level":"info","message":"Connected mongodb://localhost:27017/cinecon","timestamp":"2019-03-01T11:23:36.475Z"}
{"level":"info","message":"Start listening on port 3000","timestamp":"2019-03-01T11:23:41.871Z"}
{"level":"info","message":"Connected mongodb://localhost:27017/cinecon","timestamp":"2019-03-01T11:23:41.903Z"}
{"level":"info","message":"Start listening on port 3000","timestamp":"2019-03-01T11:23:52.716Z"}
{"level":"info","message":"Connected mongodb://localhost:27017/cinecon","timestamp":"2019-03-01T11:23:52.750Z"}
{"level":"info","message":"Start listening on port 3000","timestamp":"2019-03-01T11:23:54.302Z"}
{"level":"info","message":"Connected mongodb://localhost:27017/cinecon","timestamp":"2019-03-01T11:23:54.336Z"}
{"level":"info","message":"Start listening on port 3000","timestamp":"2019-03-01T11:25:22.021Z"}
{"level":"info","message":"Connected mongodb://localhost:27017/cinecon","timestamp":"2019-03-01T11:25:22.053Z"}
{"level":"info","message":"Start listening on port 3000","timestamp":"2019-03-01T11:33:03.837Z"}
{"level":"info","message":"Connected mongodb://localhost:27017/cinecon","timestamp":"2019-03-01T11:33:03.875Z"}
{"level":"info","message":"Start listening on port 3000","timestamp":"2019-03-01T11:35:09.658Z"}
{"level":"info","message":"Connected mongodb://localhost:27017/cinecon","timestamp":"2019-03-01T11:35:09.693Z"}
{"level":"info","message":"Start listening on port 3000","timestamp":"2019-03-01T11:35:25.991Z"}
{"level":"info","message":"Connected mongodb://localhost:27017/cinecon","timestamp":"2019-03-01T11:35:26.023Z"}
{"level":"info","message":"Start listening on port 3000","timestamp":"2019-03-01T11:36:45.082Z"}
{"level":"info","message":"Connected mongodb://localhost:27017/cinecon","timestamp":"2019-03-01T11:36:45.114Z"}
{"level":"info","message":"Start listening on port 3000","timestamp":"2019-03-01T11:37:04.516Z"}
{"level":"info","message":"Connected mongodb://localhost:27017/cinecon","timestamp":"2019-03-01T11:37:04.550Z"}
{"level":"info","message":"Start listening on port 3000","timestamp":"2019-03-01T11:42:05.296Z"}
{"level":"info","message":"Connected mongodb://localhost:27017/cinecon","timestamp":"2019-03-01T11:42:05.333Z"}
{"level":"info","message":"Start listening on port 3000","timestamp":"2019-03-01T11:42:49.676Z"}
{"level":"info","message":"Connected mongodb://localhost:27017/cinecon","timestamp":"2019-03-01T11:42:49.711Z"}
{"message":"Cannot read property 'isAdmin' of undefined","stack":"TypeError: Cannot read property 'isAdmin' of undefined\n    at module.exports (/Users/satoshi/Desktop/web-development/projects/cinecon/middleware/admin.js:4:18)\n    at newFn (/Users/satoshi/Desktop/web-development/projects/cinecon/node_modules/express-async-errors/index.js:16:20)\n    at Layer.handle [as handle_request] (/Users/satoshi/Desktop/web-development/projects/cinecon/node_modules/express/lib/router/layer.js:95:5)\n    at next (/Users/satoshi/Desktop/web-development/projects/cinecon/node_modules/express/lib/router/route.js:137:13)\n    at module.exports (/Users/satoshi/Desktop/web-development/projects/cinecon/middleware/auth.js:12:9)\n    at newFn (/Users/satoshi/Desktop/web-development/projects/cinecon/node_modules/express-async-errors/index.js:16:20)\n    at Layer.handle [as handle_request] (/Users/satoshi/Desktop/web-development/projects/cinecon/node_modules/express/lib/router/layer.js:95:5)\n    at next (/Users/satoshi/Desktop/web-development/projects/cinecon/node_modules/express/lib/router/route.js:137:13)\n    at Route.dispatch (/Users/satoshi/Desktop/web-development/projects/cinecon/node_modules/express/lib/router/route.js:112:3)\n    at newFn (/Users/satoshi/Desktop/web-development/projects/cinecon/node_modules/express-async-errors/index.js:16:20)\n    at Layer.handle [as handle_request] (/Users/satoshi/Desktop/web-development/projects/cinecon/node_modules/express/lib/router/layer.js:95:5)\n    at /Users/satoshi/Desktop/web-development/projects/cinecon/node_modules/express/lib/router/index.js:281:22\n    at Function.process_params (/Users/satoshi/Desktop/web-development/projects/cinecon/node_modules/express/lib/router/index.js:335:12)\n    at next (/Users/satoshi/Desktop/web-development/projects/cinecon/node_modules/express/lib/router/index.js:275:10)\n    at Function.handle (/Users/satoshi/Desktop/web-development/projects/cinecon/node_modules/express/lib/router/index.js:174:3)\n    at router (/Users/satoshi/Desktop/web-development/projects/cinecon/node_modules/express/lib/router/index.js:47:12)","level":"error","timestamp":"2019-03-01T11:42:54.269Z"}
{"level":"info","message":"Start listening on port 3000","timestamp":"2019-03-01T11:43:30.883Z"}
{"level":"info","message":"Connected mongodb://localhost:27017/cinecon","timestamp":"2019-03-01T11:43:30.916Z"}
{"level":"info","message":"Start listening on port 3000","timestamp":"2019-03-01T12:26:24.468Z"}
{"level":"info","message":"Start listening on port 3000","timestamp":"2019-03-01T12:35:54.645Z"}
{"level":"info","message":"Start listening on port 3000","timestamp":"2019-03-01T12:36:17.066Z"}
{"level":"info","message":"Start listening on port 3000","timestamp":"2019-03-01T12:36:27.318Z"}
{"level":"info","message":"Connected [object Object]","timestamp":"2019-03-01T12:36:27.393Z"}
{"level":"info","message":"Start listening on port 3000","timestamp":"2019-03-01T12:36:50.573Z"}
{"level":"info","message":"Start listening on port 3000","timestamp":"2019-03-01T12:37:15.450Z"}
{"level":"info","message":"Connected [object Object]","timestamp":"2019-03-01T12:37:15.497Z"}
{"level":"info","message":"Start listening on port 3000","timestamp":"2019-03-01T12:39:24.328Z"}
{"level":"info","message":"Connected mongodb://cineconuser:password@localhost:27017/cinecon","timestamp":"2019-03-01T12:39:24.377Z"}
{"level":"info","message":"Start listening on port 3000","timestamp":"2019-03-01T12:46:59.924Z"}
{"level":"info","message":"Connected to MongoDB.","timestamp":"2019-03-01T12:46:59.986Z"}
{"level":"info","message":"Start listening on port 3000","timestamp":"2019-03-01T13:44:46.651Z"}
{"level":"info","message":"Start listening on port 3000","timestamp":"2019-03-01T13:45:01.666Z"}
{"level":"info","message":"Start listening on port 3000","timestamp":"2019-03-01T13:58:27.076Z"}
{"level":"info","message":"Start listening on port 3000","timestamp":"2019-03-01T13:58:52.373Z"}
{"level":"info","message":"Start listening on port 3000","timestamp":"2019-03-01T13:59:56.483Z"}
{"level":"info","message":"Connected to MongoDB.","timestamp":"2019-03-01T13:59:56.544Z"}
{"level":"info","message":"Start listening on port 3000","timestamp":"2019-03-01T14:08:46.709Z"}
{"level":"info","message":"Start listening on port 3000","timestamp":"2019-03-01T14:09:11.250Z"}
{"level":"info","message":"Start listening on port 3000","timestamp":"2019-03-01T14:09:44.663Z"}
{"level":"info","message":"Connected to MongoDB.","timestamp":"2019-03-01T14:09:45.618Z"}
{"level":"info","message":"Start listening on port 3000","timestamp":"2019-03-01T14:11:22.888Z"}
{"level":"info","message":"Connected to MongoDB.","timestamp":"2019-03-01T14:11:23.918Z"}
{"level":"info","message":"Start listening on port 3000","timestamp":"2019-03-01T14:12:45.598Z"}
{"level":"info","message":"Connected to MongoDB.","timestamp":"2019-03-01T14:12:46.511Z"}
{"level":"info","message":"Start listening on port 3000","timestamp":"2019-03-01T14:32:30.497Z"}
{"level":"info","message":"Connected to MongoDB.","timestamp":"2019-03-01T14:32:30.555Z"}
{"level":"info","message":"Start listening on port 3000","timestamp":"2019-03-02T09:32:37.021Z"}
{"level":"info","message":"Connected to MongoDB.","timestamp":"2019-03-02T09:32:37.070Z"}
{"level":"info","message":"Start listening on port 3001","timestamp":"2019-03-02T09:34:47.049Z"}
{"level":"info","message":"Connected to MongoDB.","timestamp":"2019-03-02T09:34:47.101Z"}
{"level":"info","message":"Start listening on port 3001","timestamp":"2019-03-02T09:38:17.233Z"}
{"level":"info","message":"Connected to MongoDB.","timestamp":"2019-03-02T09:38:17.285Z"}
{"level":"info","message":"Start listening on port 3001","timestamp":"2019-03-06T13:16:11.531Z"}
{"level":"info","message":"Connected to MongoDB.","timestamp":"2019-03-06T13:16:11.595Z"}
{"level":"info","message":"Start listening on port 3001","timestamp":"2019-03-06T13:21:42.991Z"}
{"level":"info","message":"Connected to MongoDB.","timestamp":"2019-03-06T13:21:43.061Z"}
{"level":"info","message":"Start listening on port 3001","timestamp":"2019-03-06T13:23:24.090Z"}
{"level":"info","message":"Connected to MongoDB.","timestamp":"2019-03-06T13:23:24.146Z"}
{"level":"info","message":"Start listening on port 3001","timestamp":"2019-03-06T13:23:28.128Z"}
{"level":"info","message":"Connected to MongoDB.","timestamp":"2019-03-06T13:23:28.177Z"}
{"level":"info","message":"Start listening on port 3001","timestamp":"2019-03-06T13:24:55.543Z"}
{"level":"info","message":"Connected to MongoDB.","timestamp":"2019-03-06T13:24:55.591Z"}
{"level":"info","message":"Start listening on port 3001","timestamp":"2019-03-06T13:25:02.219Z"}
{"level":"info","message":"Connected to MongoDB.","timestamp":"2019-03-06T13:25:02.271Z"}
{"level":"info","message":"Start listening on port 3001","timestamp":"2019-03-06T13:25:04.755Z"}
{"level":"info","message":"Connected to MongoDB.","timestamp":"2019-03-06T13:25:04.801Z"}
{"level":"info","message":"Start listening on port 3001","timestamp":"2019-03-06T13:27:59.257Z"}
{"level":"info","message":"Connected to MongoDB.","timestamp":"2019-03-06T13:27:59.320Z"}
{"level":"info","message":"Start listening on port 3001","timestamp":"2019-03-06T13:28:50.062Z"}
{"level":"info","message":"Connected to MongoDB.","timestamp":"2019-03-06T13:28:50.110Z"}
{"level":"info","message":"Start listening on port 3001","timestamp":"2019-03-06T13:31:44.987Z"}
{"level":"info","message":"Connected to MongoDB.","timestamp":"2019-03-06T13:31:45.037Z"}
{"level":"info","message":"Start listening on port 3001","timestamp":"2019-03-08T11:30:29.954Z"}
{"level":"info","message":"Connected to MongoDB.","timestamp":"2019-03-08T11:30:30.016Z"}
{"level":"info","message":"Start listening on port 3001","timestamp":"2019-03-08T11:31:53.271Z"}
{"level":"info","message":"Connected to MongoDB.","timestamp":"2019-03-08T11:31:53.316Z"}
{"level":"info","message":"Start listening on port 3001","timestamp":"2019-03-08T11:32:06.665Z"}
{"level":"info","message":"Connected to MongoDB.","timestamp":"2019-03-08T11:32:06.709Z"}
{"level":"info","message":"Start listening on port 3001","timestamp":"2019-03-08T11:44:33.037Z"}
{"level":"info","message":"Connected to MongoDB.","timestamp":"2019-03-08T11:44:33.082Z"}
{"level":"info","message":"Start listening on port 3001","timestamp":"2019-03-08T11:50:25.363Z"}
{"level":"info","message":"Connected to MongoDB.","timestamp":"2019-03-08T11:50:25.412Z"}
{"level":"info","message":"Start listening on port 3001","timestamp":"2019-03-08T11:50:51.038Z"}
{"level":"info","message":"Connected to MongoDB.","timestamp":"2019-03-08T11:50:51.087Z"}
{"level":"info","message":"Start listening on port 3001","timestamp":"2019-03-08T11:51:52.882Z"}
{"level":"info","message":"Connected to MongoDB.","timestamp":"2019-03-08T11:51:52.922Z"}
{"level":"info","message":"Start listening on port 3001","timestamp":"2019-03-08T11:52:02.321Z"}
{"level":"info","message":"Connected to MongoDB.","timestamp":"2019-03-08T11:52:02.373Z"}
{"level":"info","message":"Start listening on port 3001","timestamp":"2019-03-08T11:52:36.411Z"}
{"level":"info","message":"Connected to MongoDB.","timestamp":"2019-03-08T11:52:36.458Z"}
{"level":"info","message":"Start listening on port 3001","timestamp":"2019-03-08T11:54:36.306Z"}
{"level":"info","message":"Connected to MongoDB.","timestamp":"2019-03-08T11:54:36.354Z"}
{"level":"info","message":"Start listening on port 3001","timestamp":"2019-03-08T11:56:40.404Z"}
{"level":"info","message":"Connected to MongoDB.","timestamp":"2019-03-08T11:56:40.452Z"}
{"level":"info","message":"Start listening on port 3001","timestamp":"2019-03-08T11:59:07.048Z"}
{"level":"info","message":"Connected to MongoDB.","timestamp":"2019-03-08T11:59:07.095Z"}
{"level":"info","message":"Start listening on port 3001","timestamp":"2019-03-08T12:01:17.404Z"}
{"level":"info","message":"Connected to MongoDB.","timestamp":"2019-03-08T12:01:17.450Z"}
{"level":"info","message":"Start listening on port 3001","timestamp":"2019-03-08T12:01:22.835Z"}
{"level":"info","message":"Connected to MongoDB.","timestamp":"2019-03-08T12:01:22.871Z"}
{"level":"info","message":"Start listening on port 3001","timestamp":"2019-03-08T12:01:25.863Z"}
{"level":"info","message":"Connected to MongoDB.","timestamp":"2019-03-08T12:01:25.901Z"}
{"level":"info","message":"Start listening on port 3001","timestamp":"2019-03-08T12:05:17.005Z"}
{"level":"info","message":"Connected to MongoDB.","timestamp":"2019-03-08T12:05:17.055Z"}
{"level":"info","message":"Start listening on port 3001","timestamp":"2019-03-08T12:06:03.074Z"}
{"level":"info","message":"Connected to MongoDB.","timestamp":"2019-03-08T12:06:03.121Z"}
{"level":"info","message":"Start listening on port 3001","timestamp":"2019-03-08T12:08:48.492Z"}
{"level":"info","message":"Connected to MongoDB.","timestamp":"2019-03-08T12:08:48.537Z"}
{"level":"info","message":"Start listening on port 3001","timestamp":"2019-03-08T12:10:38.126Z"}
{"level":"info","message":"Connected to MongoDB.","timestamp":"2019-03-08T12:10:38.173Z"}
{"level":"info","message":"Start listening on port 3001","timestamp":"2019-03-08T12:11:34.964Z"}
{"level":"info","message":"Connected to MongoDB.","timestamp":"2019-03-08T12:11:35.011Z"}
{"level":"info","message":"Start listening on port 3001","timestamp":"2019-03-08T12:12:38.997Z"}
{"level":"info","message":"Connected to MongoDB.","timestamp":"2019-03-08T12:12:39.051Z"}
{"level":"info","message":"Start listening on port 3001","timestamp":"2019-03-08T12:15:01.305Z"}
{"level":"info","message":"Connected to MongoDB.","timestamp":"2019-03-08T12:15:01.364Z"}
{"level":"info","message":"Start listening on port 3001","timestamp":"2019-03-08T12:15:18.553Z"}
{"level":"info","message":"Connected to MongoDB.","timestamp":"2019-03-08T12:15:18.602Z"}
{"level":"info","message":"Start listening on port 3001","timestamp":"2019-03-08T12:17:09.149Z"}
{"level":"info","message":"Connected to MongoDB.","timestamp":"2019-03-08T12:17:09.200Z"}
{"level":"info","message":"Start listening on port 3001","timestamp":"2019-03-08T12:19:26.884Z"}
{"level":"info","message":"Connected to MongoDB.","timestamp":"2019-03-08T12:19:26.933Z"}
{"level":"info","message":"Start listening on port 3001","timestamp":"2019-03-08T12:23:12.275Z"}
{"level":"info","message":"Connected to MongoDB.","timestamp":"2019-03-08T12:23:12.322Z"}
{"level":"info","message":"Start listening on port 3001","timestamp":"2019-03-08T12:23:29.633Z"}
{"level":"info","message":"Connected to MongoDB.","timestamp":"2019-03-08T12:23:29.682Z"}
{"level":"info","message":"Start listening on port 3001","timestamp":"2019-03-08T12:27:07.661Z"}
{"level":"info","message":"Connected to MongoDB.","timestamp":"2019-03-08T12:27:07.705Z"}
{"level":"info","message":"Start listening on port 3001","timestamp":"2019-03-08T12:29:32.706Z"}
{"level":"info","message":"Connected to MongoDB.","timestamp":"2019-03-08T12:29:32.756Z"}
{"level":"info","message":"Start listening on port 3001","timestamp":"2019-03-08T12:29:42.719Z"}
{"level":"info","message":"Connected to MongoDB.","timestamp":"2019-03-08T12:29:42.764Z"}
{"level":"info","message":"Start listening on port 3001","timestamp":"2019-03-08T12:30:30.229Z"}
{"level":"info","message":"Connected to MongoDB.","timestamp":"2019-03-08T12:30:30.276Z"}
{"level":"info","message":"Start listening on port 3001","timestamp":"2019-03-08T12:31:22.438Z"}
{"level":"info","message":"Connected to MongoDB.","timestamp":"2019-03-08T12:31:22.492Z"}
{"level":"info","message":"Start listening on port 3001","timestamp":"2019-03-08T12:32:11.145Z"}
{"level":"info","message":"Connected to MongoDB.","timestamp":"2019-03-08T12:32:11.189Z"}
{"level":"info","message":"Start listening on port 3001","timestamp":"2019-03-08T12:34:13.374Z"}
{"level":"info","message":"Connected to MongoDB.","timestamp":"2019-03-08T12:34:13.421Z"}
{"level":"info","message":"Start listening on port 3001","timestamp":"2019-03-08T12:35:16.065Z"}
{"level":"info","message":"Connected to MongoDB.","timestamp":"2019-03-08T12:35:16.115Z"}
{"level":"info","message":"Start listening on port 3001","timestamp":"2019-03-08T12:35:44.972Z"}
{"level":"info","message":"Connected to MongoDB.","timestamp":"2019-03-08T12:35:45.018Z"}
{"level":"info","message":"Start listening on port 3001","timestamp":"2019-03-08T12:36:09.375Z"}
{"level":"info","message":"Connected to MongoDB.","timestamp":"2019-03-08T12:36:09.421Z"}
{"level":"info","message":"Start listening on port 3001","timestamp":"2019-03-08T12:37:01.914Z"}
{"level":"info","message":"Connected to MongoDB.","timestamp":"2019-03-08T12:37:01.960Z"}
{"level":"info","message":"Start listening on port 3001","timestamp":"2019-03-08T12:37:25.296Z"}
{"level":"info","message":"Connected to MongoDB.","timestamp":"2019-03-08T12:37:25.342Z"}
{"level":"info","message":"Start listening on port 3001","timestamp":"2019-03-08T12:38:12.324Z"}
{"level":"info","message":"Connected to MongoDB.","timestamp":"2019-03-08T12:38:12.372Z"}
{"level":"info","message":"Start listening on port 3001","timestamp":"2019-03-08T12:39:51.498Z"}
{"level":"info","message":"Connected to MongoDB.","timestamp":"2019-03-08T12:39:51.553Z"}
{"level":"info","message":"Start listening on port 3001","timestamp":"2019-03-08T12:39:56.166Z"}
{"level":"info","message":"Connected to MongoDB.","timestamp":"2019-03-08T12:39:56.215Z"}
{"level":"info","message":"Start listening on port 3001","timestamp":"2019-03-08T12:40:03.818Z"}
{"level":"info","message":"Connected to MongoDB.","timestamp":"2019-03-08T12:40:03.873Z"}
{"level":"info","message":"Start listening on port 3001","timestamp":"2019-03-08T12:41:05.478Z"}
{"level":"info","message":"Connected to MongoDB.","timestamp":"2019-03-08T12:41:05.524Z"}
